2022-12-10 19:12:53 INFO  Log:11 - =====================================endToEndTest TEST START=========================================
2022-12-10 19:12:53 INFO  Log:24 - User is on the Home/Landing Page
2022-12-10 19:12:53 INFO  Log:24 -  
2022-12-10 19:12:53 INFO  Log:24 - User is clicking on Find Flight Button
2022-12-10 19:12:53 INFO  Log:24 - User is on the Reserve Page ...
2022-12-10 19:12:54 INFO  Log:24 - User is on the Details Page ...
2022-12-10 19:12:54 INFO  Log:24 - User is going to enter his Details ....
2022-12-10 19:12:56 INFO  Log:24 - User is on The Final Confirmation Page ..
2022-12-10 19:12:56 INFO  Log:16 - =====================================endToEndTest TEST END=========================================
2022-12-10 19:12:58 INFO  Log:11 - =====================================verifyHomePage TEST START=========================================
2022-12-10 19:12:58 INFO  Log:24 - User is on the Home/Landing Page
2022-12-10 19:12:58 INFO  Log:16 - =====================================verifyHomePage TEST END=========================================
2022-12-10 19:13:01 INFO  Log:11 - =====================================verifyTitleHomePage TEST START=========================================
2022-12-10 19:13:05 INFO  Log:11 - =====================================verifyUrl TEST START=========================================
2022-12-10 19:13:05 INFO  Log:16 - =====================================verifyUrl TEST END=========================================
2022-12-10 19:13:08 INFO  Log:11 - =====================================verifyImageOnpage TEST START=========================================
2022-12-10 19:13:12 INFO  Log:24 - User is able to see an image on the Page
2022-12-10 19:13:12 INFO  Log:16 - =====================================verifyImageOnPage TEST END=========================================
2022-12-10 19:13:39 INFO  Log:11 - =====================================verifyText TEST START=========================================
2022-12-10 19:13:39 INFO  Log:24 - User is on the Vacation Page ...
2022-12-10 19:13:39 INFO  Log:16 - =====================================verifyText TEST END=========================================
2022-12-10 19:14:00 INFO  Log:11 - =====================================verifyTitle TEST START=========================================
2022-12-10 19:14:14 INFO  Log:24 - User is on the Vacation Page ...
2022-12-10 19:14:33 INFO  Log:11 - =====================================verifySrcDest TEST START=========================================
2022-12-10 19:14:34 INFO  Log:24 - User is selecting from and to options and clicking on Find Flights button
2022-12-10 19:14:34 INFO  Log:16 - =====================================verifySrcDest TEST END=========================================
2022-12-10 19:14:36 INFO  Log:11 - =====================================verifyTitle TEST START=========================================
2022-12-10 19:14:37 INFO  Log:24 - User is selecting from and to options and clicking on Find Flights button
2022-12-10 19:14:37 INFO  Log:16 - =====================================verifyTitle TEST END=========================================
2022-12-10 19:14:37 DEBUG cache:45 - Couldn't find template in cache for "v3html/v3-html-index.ftl"("en", UTF-8, parsed); will try to load it.
2022-12-10 19:14:37 DEBUG cache:45 - TemplateLoader.findTemplateSource("v3html/v3-html-index_en.ftl"): Not found
2022-12-10 19:14:37 DEBUG cache:45 - TemplateLoader.findTemplateSource("v3html/v3-html-index.ftl"): Found
2022-12-10 19:14:37 DEBUG cache:45 - Loading template for "v3html/v3-html-index.ftl"("en", UTF-8, parsed) from "jar:file:/C:/Users/10674092/.m2/repository/com/aventstack/extentreports/4.0.9/extentreports-4.0.9.jar!/com/aventstack/extentreports/view/v3html/v3-html-index.ftl"
2022-12-10 19:14:37 DEBUG cache:45 - Couldn't find template in cache for "v3html/v3-html-head.ftl"("en", UTF-8, parsed); will try to load it.
2022-12-10 19:14:37 DEBUG cache:45 - TemplateLoader.findTemplateSource("v3html/v3-html-head_en.ftl"): Not found
2022-12-10 19:14:37 DEBUG cache:45 - TemplateLoader.findTemplateSource("v3html/v3-html-head.ftl"): Found
2022-12-10 19:14:37 DEBUG cache:45 - Loading template for "v3html/v3-html-head.ftl"("en", UTF-8, parsed) from "jar:file:/C:/Users/10674092/.m2/repository/com/aventstack/extentreports/4.0.9/extentreports-4.0.9.jar!/com/aventstack/extentreports/view/v3html/v3-html-head.ftl"
2022-12-10 19:14:37 DEBUG cache:45 - Couldn't find template in cache for "v3html/v3-html-nav.ftl"("en", UTF-8, parsed); will try to load it.
2022-12-10 19:14:37 DEBUG cache:45 - TemplateLoader.findTemplateSource("v3html/v3-html-nav_en.ftl"): Not found
2022-12-10 19:14:37 DEBUG cache:45 - TemplateLoader.findTemplateSource("v3html/v3-html-nav.ftl"): Found
2022-12-10 19:14:37 DEBUG cache:45 - Loading template for "v3html/v3-html-nav.ftl"("en", UTF-8, parsed) from "jar:file:/C:/Users/10674092/.m2/repository/com/aventstack/extentreports/4.0.9/extentreports-4.0.9.jar!/com/aventstack/extentreports/view/v3html/v3-html-nav.ftl"
2022-12-10 19:14:37 DEBUG cache:45 - Couldn't find template in cache for "v3html/test-view/v3-html-test-view.ftl"("en", UTF-8, parsed); will try to load it.
2022-12-10 19:14:37 DEBUG cache:45 - TemplateLoader.findTemplateSource("v3html/test-view/v3-html-test-view_en.ftl"): Not found
2022-12-10 19:14:37 DEBUG cache:45 - TemplateLoader.findTemplateSource("v3html/test-view/v3-html-test-view.ftl"): Found
2022-12-10 19:14:37 DEBUG cache:45 - Loading template for "v3html/test-view/v3-html-test-view.ftl"("en", UTF-8, parsed) from "jar:file:/C:/Users/10674092/.m2/repository/com/aventstack/extentreports/4.0.9/extentreports-4.0.9.jar!/com/aventstack/extentreports/view/v3html/test-view/v3-html-test-view.ftl"
2022-12-10 19:14:37 DEBUG cache:45 - Couldn't find template in cache for "v3html/test-view/v3-html-test-view-charts.ftl"("en", UTF-8, parsed); will try to load it.
2022-12-10 19:14:37 DEBUG cache:45 - TemplateLoader.findTemplateSource("v3html/test-view/v3-html-test-view-charts_en.ftl"): Not found
2022-12-10 19:14:37 DEBUG cache:45 - TemplateLoader.findTemplateSource("v3html/test-view/v3-html-test-view-charts.ftl"): Found
2022-12-10 19:14:37 DEBUG cache:45 - Loading template for "v3html/test-view/v3-html-test-view-charts.ftl"("en", UTF-8, parsed) from "jar:file:/C:/Users/10674092/.m2/repository/com/aventstack/extentreports/4.0.9/extentreports-4.0.9.jar!/com/aventstack/extentreports/view/v3html/test-view/v3-html-test-view-charts.ftl"
2022-12-10 19:14:37 DEBUG cache:45 - Couldn't find template in cache for "v3html/test-view/v3-html-standard.ftl"("en", UTF-8, parsed); will try to load it.
2022-12-10 19:14:37 DEBUG cache:45 - TemplateLoader.findTemplateSource("v3html/test-view/v3-html-standard_en.ftl"): Not found
2022-12-10 19:14:37 DEBUG cache:45 - TemplateLoader.findTemplateSource("v3html/test-view/v3-html-standard.ftl"): Found
2022-12-10 19:14:37 DEBUG cache:45 - Loading template for "v3html/test-view/v3-html-standard.ftl"("en", UTF-8, parsed) from "jar:file:/C:/Users/10674092/.m2/repository/com/aventstack/extentreports/4.0.9/extentreports-4.0.9.jar!/com/aventstack/extentreports/view/v3html/test-view/v3-html-standard.ftl"
2022-12-10 19:14:37 DEBUG cache:45 - "v3html/test-view/v3-html-standard.ftl"("en", UTF-8, parsed) cached copy not yet stale; using cached.
2022-12-10 19:14:37 DEBUG cache:45 - "v3html/test-view/v3-html-standard.ftl"("en", UTF-8, parsed) cached copy not yet stale; using cached.
2022-12-10 19:14:37 DEBUG cache:45 - "v3html/test-view/v3-html-standard.ftl"("en", UTF-8, parsed) cached copy not yet stale; using cached.
2022-12-10 19:14:37 DEBUG cache:45 - "v3html/test-view/v3-html-standard.ftl"("en", UTF-8, parsed) cached copy not yet stale; using cached.
2022-12-10 19:14:37 DEBUG cache:45 - "v3html/test-view/v3-html-standard.ftl"("en", UTF-8, parsed) cached copy not yet stale; using cached.
2022-12-10 19:14:37 DEBUG cache:45 - "v3html/test-view/v3-html-standard.ftl"("en", UTF-8, parsed) cached copy not yet stale; using cached.
2022-12-10 19:14:37 DEBUG cache:45 - "v3html/test-view/v3-html-standard.ftl"("en", UTF-8, parsed) cached copy not yet stale; using cached.
2022-12-10 19:14:37 DEBUG cache:45 - "v3html/test-view/v3-html-standard.ftl"("en", UTF-8, parsed) cached copy not yet stale; using cached.
2022-12-10 19:14:37 DEBUG cache:45 - "v3html/test-view/v3-html-standard.ftl"("en", UTF-8, parsed) cached copy not yet stale; using cached.
2022-12-10 19:14:37 DEBUG cache:45 - "v3html/test-view/v3-html-standard.ftl"("en", UTF-8, parsed) cached copy not yet stale; using cached.
2022-12-10 19:14:37 DEBUG cache:45 - "v3html/test-view/v3-html-standard.ftl"("en", UTF-8, parsed) cached copy not yet stale; using cached.
2022-12-10 19:14:37 DEBUG cache:45 - "v3html/test-view/v3-html-standard.ftl"("en", UTF-8, parsed) cached copy not yet stale; using cached.
2022-12-10 19:14:37 DEBUG cache:45 - "v3html/test-view/v3-html-standard.ftl"("en", UTF-8, parsed) cached copy not yet stale; using cached.
2022-12-10 19:14:37 DEBUG cache:45 - "v3html/test-view/v3-html-standard.ftl"("en", UTF-8, parsed) cached copy not yet stale; using cached.
2022-12-10 19:14:37 DEBUG cache:45 - "v3html/test-view/v3-html-standard.ftl"("en", UTF-8, parsed) cached copy not yet stale; using cached.
2022-12-10 19:14:37 DEBUG cache:45 - Couldn't find template in cache for "v3html/category-view/v3-html-category-view.ftl"("en", UTF-8, parsed); will try to load it.
2022-12-10 19:14:37 DEBUG cache:45 - TemplateLoader.findTemplateSource("v3html/category-view/v3-html-category-view_en.ftl"): Not found
2022-12-10 19:14:37 DEBUG cache:45 - TemplateLoader.findTemplateSource("v3html/category-view/v3-html-category-view.ftl"): Found
2022-12-10 19:14:37 DEBUG cache:45 - Loading template for "v3html/category-view/v3-html-category-view.ftl"("en", UTF-8, parsed) from "jar:file:/C:/Users/10674092/.m2/repository/com/aventstack/extentreports/4.0.9/extentreports-4.0.9.jar!/com/aventstack/extentreports/view/v3html/category-view/v3-html-category-view.ftl"
2022-12-10 19:14:37 DEBUG cache:45 - Couldn't find template in cache for "v3html/exception-view/v3-html-exception-view.ftl"("en", UTF-8, parsed); will try to load it.
2022-12-10 19:14:37 DEBUG cache:45 - TemplateLoader.findTemplateSource("v3html/exception-view/v3-html-exception-view_en.ftl"): Not found
2022-12-10 19:14:37 DEBUG cache:45 - TemplateLoader.findTemplateSource("v3html/exception-view/v3-html-exception-view.ftl"): Found
2022-12-10 19:14:37 DEBUG cache:45 - Loading template for "v3html/exception-view/v3-html-exception-view.ftl"("en", UTF-8, parsed) from "jar:file:/C:/Users/10674092/.m2/repository/com/aventstack/extentreports/4.0.9/extentreports-4.0.9.jar!/com/aventstack/extentreports/view/v3html/exception-view/v3-html-exception-view.ftl"
2022-12-10 19:14:37 DEBUG cache:45 - Couldn't find template in cache for "v3html/author-view/v3-html-author-view.ftl"("en", UTF-8, parsed); will try to load it.
2022-12-10 19:14:37 DEBUG cache:45 - TemplateLoader.findTemplateSource("v3html/author-view/v3-html-author-view_en.ftl"): Not found
2022-12-10 19:14:37 DEBUG cache:45 - TemplateLoader.findTemplateSource("v3html/author-view/v3-html-author-view.ftl"): Found
2022-12-10 19:14:37 DEBUG cache:45 - Loading template for "v3html/author-view/v3-html-author-view.ftl"("en", UTF-8, parsed) from "jar:file:/C:/Users/10674092/.m2/repository/com/aventstack/extentreports/4.0.9/extentreports-4.0.9.jar!/com/aventstack/extentreports/view/v3html/author-view/v3-html-author-view.ftl"
2022-12-10 19:14:37 DEBUG cache:45 - Couldn't find template in cache for "v3html/dashboard-view/v3-html-dashboard-view.ftl"("en", UTF-8, parsed); will try to load it.
2022-12-10 19:14:37 DEBUG cache:45 - TemplateLoader.findTemplateSource("v3html/dashboard-view/v3-html-dashboard-view_en.ftl"): Not found
2022-12-10 19:14:38 DEBUG cache:45 - TemplateLoader.findTemplateSource("v3html/dashboard-view/v3-html-dashboard-view.ftl"): Found
2022-12-10 19:14:38 DEBUG cache:45 - Loading template for "v3html/dashboard-view/v3-html-dashboard-view.ftl"("en", UTF-8, parsed) from "jar:file:/C:/Users/10674092/.m2/repository/com/aventstack/extentreports/4.0.9/extentreports-4.0.9.jar!/com/aventstack/extentreports/view/v3html/dashboard-view/v3-html-dashboard-view.ftl"
2022-12-10 19:14:38 DEBUG cache:45 - Couldn't find template in cache for "v3html/logs-view/v3-html-testrunner-logs-view.ftl"("en", UTF-8, parsed); will try to load it.
2022-12-10 19:14:38 DEBUG cache:45 - TemplateLoader.findTemplateSource("v3html/logs-view/v3-html-testrunner-logs-view_en.ftl"): Not found
2022-12-10 19:14:38 DEBUG cache:45 - TemplateLoader.findTemplateSource("v3html/logs-view/v3-html-testrunner-logs-view.ftl"): Found
2022-12-10 19:14:38 DEBUG cache:45 - Loading template for "v3html/logs-view/v3-html-testrunner-logs-view.ftl"("en", UTF-8, parsed) from "jar:file:/C:/Users/10674092/.m2/repository/com/aventstack/extentreports/4.0.9/extentreports-4.0.9.jar!/com/aventstack/extentreports/view/v3html/logs-view/v3-html-testrunner-logs-view.ftl"
2022-12-10 19:21:05 INFO  Log:11 - =====================================endToEndTest TEST START=========================================
2022-12-10 19:21:05 INFO  Log:24 - User is on the Home/Landing Page
2022-12-10 19:21:05 INFO  Log:24 -  
2022-12-10 19:21:05 INFO  Log:24 - User is clicking on Find Flight Button
2022-12-10 19:21:06 INFO  Log:24 - User is on the Reserve Page ...
2022-12-10 19:21:06 INFO  Log:24 - User is on the Details Page ...
2022-12-10 19:21:06 INFO  Log:24 - User is going to enter his Details ....
2022-12-10 19:21:08 INFO  Log:24 - User is on The Final Confirmation Page ..
2022-12-10 19:21:08 INFO  Log:16 - =====================================endToEndTest TEST END=========================================
2022-12-10 19:21:12 INFO  Log:11 - =====================================verifyHomePage TEST START=========================================
2022-12-10 19:21:12 INFO  Log:24 - User is on the Home/Landing Page
2022-12-10 19:21:12 INFO  Log:16 - =====================================verifyHomePage TEST END=========================================
2022-12-10 19:21:31 INFO  Log:11 - =====================================verifyTitleHomePage TEST START=========================================
2022-12-10 19:21:33 INFO  Log:11 - =====================================verifyUrl TEST START=========================================
2022-12-10 19:21:33 INFO  Log:16 - =====================================verifyUrl TEST END=========================================
2022-12-10 19:21:36 INFO  Log:11 - =====================================verifyImageOnpage TEST START=========================================
2022-12-10 19:21:38 INFO  Log:24 - User is able to see an image on the Page
2022-12-10 19:21:38 INFO  Log:16 - =====================================verifyImageOnPage TEST END=========================================
2022-12-10 19:21:58 INFO  Log:11 - =====================================verifyText TEST START=========================================
2022-12-10 19:21:58 INFO  Log:24 - User is on the Vacation Page ...
2022-12-10 19:21:58 INFO  Log:16 - =====================================verifyText TEST END=========================================
2022-12-10 19:22:17 INFO  Log:11 - =====================================verifyTitle TEST START=========================================
2022-12-10 19:22:19 INFO  Log:24 - User is on the Vacation Page ...
2022-12-10 19:22:38 INFO  Log:11 - =====================================verifySrcDest TEST START=========================================
2022-12-10 19:22:39 INFO  Log:24 - User is selecting from and to options and clicking on Find Flights button
2022-12-10 19:22:39 INFO  Log:16 - =====================================verifySrcDest TEST END=========================================
2022-12-10 19:22:41 INFO  Log:11 - =====================================verifySrcDest TEST START=========================================
2022-12-10 19:22:42 INFO  Log:24 - User is selecting from and to options and clicking on Find Flights button
2022-12-10 19:22:42 INFO  Log:16 - =====================================verifySrcDest TEST END=========================================
2022-12-10 19:22:44 INFO  Log:11 - =====================================verifySrcDest TEST START=========================================
2022-12-10 19:22:45 INFO  Log:24 - User is selecting from and to options and clicking on Find Flights button
2022-12-10 19:22:45 INFO  Log:16 - =====================================verifySrcDest TEST END=========================================
2022-12-10 19:22:47 INFO  Log:11 - =====================================verifySrcDest TEST START=========================================
2022-12-10 19:22:48 INFO  Log:24 - User is selecting from and to options and clicking on Find Flights button
2022-12-10 19:22:48 INFO  Log:16 - =====================================verifySrcDest TEST END=========================================
2022-12-10 19:22:50 INFO  Log:11 - =====================================verifySrcDest TEST START=========================================
2022-12-10 19:22:51 INFO  Log:24 - User is selecting from and to options and clicking on Find Flights button
2022-12-10 19:22:51 INFO  Log:16 - =====================================verifySrcDest TEST END=========================================
2022-12-10 19:22:55 INFO  Log:11 - =====================================verifySrcDest TEST START=========================================
2022-12-10 19:22:56 INFO  Log:24 - User is selecting from and to options and clicking on Find Flights button
2022-12-10 19:22:56 INFO  Log:16 - =====================================verifySrcDest TEST END=========================================
2022-12-10 19:22:59 INFO  Log:11 - =====================================verifyTitle TEST START=========================================
2022-12-10 19:23:00 INFO  Log:24 - User is selecting from and to options and clicking on Find Flights button
2022-12-10 19:23:00 INFO  Log:16 - =====================================verifyTitle TEST END=========================================
2022-12-10 19:23:00 DEBUG cache:45 - Couldn't find template in cache for "v3html/v3-html-index.ftl"("en", UTF-8, parsed); will try to load it.
2022-12-10 19:23:00 DEBUG cache:45 - TemplateLoader.findTemplateSource("v3html/v3-html-index_en.ftl"): Not found
2022-12-10 19:23:00 DEBUG cache:45 - TemplateLoader.findTemplateSource("v3html/v3-html-index.ftl"): Found
2022-12-10 19:23:00 DEBUG cache:45 - Loading template for "v3html/v3-html-index.ftl"("en", UTF-8, parsed) from "jar:file:/C:/Users/10674092/.m2/repository/com/aventstack/extentreports/4.0.9/extentreports-4.0.9.jar!/com/aventstack/extentreports/view/v3html/v3-html-index.ftl"
2022-12-10 19:23:00 DEBUG cache:45 - Couldn't find template in cache for "v3html/v3-html-head.ftl"("en", UTF-8, parsed); will try to load it.
2022-12-10 19:23:00 DEBUG cache:45 - TemplateLoader.findTemplateSource("v3html/v3-html-head_en.ftl"): Not found
2022-12-10 19:23:00 DEBUG cache:45 - TemplateLoader.findTemplateSource("v3html/v3-html-head.ftl"): Found
2022-12-10 19:23:00 DEBUG cache:45 - Loading template for "v3html/v3-html-head.ftl"("en", UTF-8, parsed) from "jar:file:/C:/Users/10674092/.m2/repository/com/aventstack/extentreports/4.0.9/extentreports-4.0.9.jar!/com/aventstack/extentreports/view/v3html/v3-html-head.ftl"
2022-12-10 19:23:00 DEBUG cache:45 - Couldn't find template in cache for "v3html/v3-html-nav.ftl"("en", UTF-8, parsed); will try to load it.
2022-12-10 19:23:00 DEBUG cache:45 - TemplateLoader.findTemplateSource("v3html/v3-html-nav_en.ftl"): Not found
2022-12-10 19:23:00 DEBUG cache:45 - TemplateLoader.findTemplateSource("v3html/v3-html-nav.ftl"): Found
2022-12-10 19:23:00 DEBUG cache:45 - Loading template for "v3html/v3-html-nav.ftl"("en", UTF-8, parsed) from "jar:file:/C:/Users/10674092/.m2/repository/com/aventstack/extentreports/4.0.9/extentreports-4.0.9.jar!/com/aventstack/extentreports/view/v3html/v3-html-nav.ftl"
2022-12-10 19:23:00 DEBUG cache:45 - Couldn't find template in cache for "v3html/test-view/v3-html-test-view.ftl"("en", UTF-8, parsed); will try to load it.
2022-12-10 19:23:00 DEBUG cache:45 - TemplateLoader.findTemplateSource("v3html/test-view/v3-html-test-view_en.ftl"): Not found
2022-12-10 19:23:00 DEBUG cache:45 - TemplateLoader.findTemplateSource("v3html/test-view/v3-html-test-view.ftl"): Found
2022-12-10 19:23:00 DEBUG cache:45 - Loading template for "v3html/test-view/v3-html-test-view.ftl"("en", UTF-8, parsed) from "jar:file:/C:/Users/10674092/.m2/repository/com/aventstack/extentreports/4.0.9/extentreports-4.0.9.jar!/com/aventstack/extentreports/view/v3html/test-view/v3-html-test-view.ftl"
2022-12-10 19:23:00 DEBUG cache:45 - Couldn't find template in cache for "v3html/test-view/v3-html-test-view-charts.ftl"("en", UTF-8, parsed); will try to load it.
2022-12-10 19:23:00 DEBUG cache:45 - TemplateLoader.findTemplateSource("v3html/test-view/v3-html-test-view-charts_en.ftl"): Not found
2022-12-10 19:23:00 DEBUG cache:45 - TemplateLoader.findTemplateSource("v3html/test-view/v3-html-test-view-charts.ftl"): Found
2022-12-10 19:23:00 DEBUG cache:45 - Loading template for "v3html/test-view/v3-html-test-view-charts.ftl"("en", UTF-8, parsed) from "jar:file:/C:/Users/10674092/.m2/repository/com/aventstack/extentreports/4.0.9/extentreports-4.0.9.jar!/com/aventstack/extentreports/view/v3html/test-view/v3-html-test-view-charts.ftl"
2022-12-10 19:23:00 DEBUG cache:45 - Couldn't find template in cache for "v3html/test-view/v3-html-standard.ftl"("en", UTF-8, parsed); will try to load it.
2022-12-10 19:23:00 DEBUG cache:45 - TemplateLoader.findTemplateSource("v3html/test-view/v3-html-standard_en.ftl"): Not found
2022-12-10 19:23:00 DEBUG cache:45 - TemplateLoader.findTemplateSource("v3html/test-view/v3-html-standard.ftl"): Found
2022-12-10 19:23:00 DEBUG cache:45 - Loading template for "v3html/test-view/v3-html-standard.ftl"("en", UTF-8, parsed) from "jar:file:/C:/Users/10674092/.m2/repository/com/aventstack/extentreports/4.0.9/extentreports-4.0.9.jar!/com/aventstack/extentreports/view/v3html/test-view/v3-html-standard.ftl"
2022-12-10 19:23:00 DEBUG cache:45 - "v3html/test-view/v3-html-standard.ftl"("en", UTF-8, parsed) cached copy not yet stale; using cached.
2022-12-10 19:23:00 DEBUG cache:45 - "v3html/test-view/v3-html-standard.ftl"("en", UTF-8, parsed) cached copy not yet stale; using cached.
2022-12-10 19:23:00 DEBUG cache:45 - "v3html/test-view/v3-html-standard.ftl"("en", UTF-8, parsed) cached copy not yet stale; using cached.
2022-12-10 19:23:00 DEBUG cache:45 - "v3html/test-view/v3-html-standard.ftl"("en", UTF-8, parsed) cached copy not yet stale; using cached.
2022-12-10 19:23:00 DEBUG cache:45 - "v3html/test-view/v3-html-standard.ftl"("en", UTF-8, parsed) cached copy not yet stale; using cached.
2022-12-10 19:23:00 DEBUG cache:45 - "v3html/test-view/v3-html-standard.ftl"("en", UTF-8, parsed) cached copy not yet stale; using cached.
2022-12-10 19:23:00 DEBUG cache:45 - "v3html/test-view/v3-html-standard.ftl"("en", UTF-8, parsed) cached copy not yet stale; using cached.
2022-12-10 19:23:00 DEBUG cache:45 - "v3html/test-view/v3-html-standard.ftl"("en", UTF-8, parsed) cached copy not yet stale; using cached.
2022-12-10 19:23:00 DEBUG cache:45 - "v3html/test-view/v3-html-standard.ftl"("en", UTF-8, parsed) cached copy not yet stale; using cached.
2022-12-10 19:23:00 DEBUG cache:45 - "v3html/test-view/v3-html-standard.ftl"("en", UTF-8, parsed) cached copy not yet stale; using cached.
2022-12-10 19:23:00 DEBUG cache:45 - "v3html/test-view/v3-html-standard.ftl"("en", UTF-8, parsed) cached copy not yet stale; using cached.
2022-12-10 19:23:00 DEBUG cache:45 - "v3html/test-view/v3-html-standard.ftl"("en", UTF-8, parsed) cached copy not yet stale; using cached.
2022-12-10 19:23:00 DEBUG cache:45 - "v3html/test-view/v3-html-standard.ftl"("en", UTF-8, parsed) cached copy not yet stale; using cached.
2022-12-10 19:23:00 DEBUG cache:45 - "v3html/test-view/v3-html-standard.ftl"("en", UTF-8, parsed) cached copy not yet stale; using cached.
2022-12-10 19:23:00 DEBUG cache:45 - "v3html/test-view/v3-html-standard.ftl"("en", UTF-8, parsed) cached copy not yet stale; using cached.
2022-12-10 19:23:00 DEBUG cache:45 - "v3html/test-view/v3-html-standard.ftl"("en", UTF-8, parsed) cached copy not yet stale; using cached.
2022-12-10 19:23:00 DEBUG cache:45 - "v3html/test-view/v3-html-standard.ftl"("en", UTF-8, parsed) cached copy not yet stale; using cached.
2022-12-10 19:23:00 DEBUG cache:45 - "v3html/test-view/v3-html-standard.ftl"("en", UTF-8, parsed) cached copy not yet stale; using cached.
2022-12-10 19:23:00 DEBUG cache:45 - "v3html/test-view/v3-html-standard.ftl"("en", UTF-8, parsed) cached copy not yet stale; using cached.
2022-12-10 19:23:00 DEBUG cache:45 - "v3html/test-view/v3-html-standard.ftl"("en", UTF-8, parsed) cached copy not yet stale; using cached.
2022-12-10 19:23:00 DEBUG cache:45 - Couldn't find template in cache for "v3html/category-view/v3-html-category-view.ftl"("en", UTF-8, parsed); will try to load it.
2022-12-10 19:23:00 DEBUG cache:45 - TemplateLoader.findTemplateSource("v3html/category-view/v3-html-category-view_en.ftl"): Not found
2022-12-10 19:23:00 DEBUG cache:45 - TemplateLoader.findTemplateSource("v3html/category-view/v3-html-category-view.ftl"): Found
2022-12-10 19:23:00 DEBUG cache:45 - Loading template for "v3html/category-view/v3-html-category-view.ftl"("en", UTF-8, parsed) from "jar:file:/C:/Users/10674092/.m2/repository/com/aventstack/extentreports/4.0.9/extentreports-4.0.9.jar!/com/aventstack/extentreports/view/v3html/category-view/v3-html-category-view.ftl"
2022-12-10 19:23:00 DEBUG cache:45 - Couldn't find template in cache for "v3html/exception-view/v3-html-exception-view.ftl"("en", UTF-8, parsed); will try to load it.
2022-12-10 19:23:00 DEBUG cache:45 - TemplateLoader.findTemplateSource("v3html/exception-view/v3-html-exception-view_en.ftl"): Not found
2022-12-10 19:23:00 DEBUG cache:45 - TemplateLoader.findTemplateSource("v3html/exception-view/v3-html-exception-view.ftl"): Found
2022-12-10 19:23:00 DEBUG cache:45 - Loading template for "v3html/exception-view/v3-html-exception-view.ftl"("en", UTF-8, parsed) from "jar:file:/C:/Users/10674092/.m2/repository/com/aventstack/extentreports/4.0.9/extentreports-4.0.9.jar!/com/aventstack/extentreports/view/v3html/exception-view/v3-html-exception-view.ftl"
2022-12-10 19:23:00 DEBUG cache:45 - Couldn't find template in cache for "v3html/author-view/v3-html-author-view.ftl"("en", UTF-8, parsed); will try to load it.
2022-12-10 19:23:00 DEBUG cache:45 - TemplateLoader.findTemplateSource("v3html/author-view/v3-html-author-view_en.ftl"): Not found
2022-12-10 19:23:00 DEBUG cache:45 - TemplateLoader.findTemplateSource("v3html/author-view/v3-html-author-view.ftl"): Found
2022-12-10 19:23:00 DEBUG cache:45 - Loading template for "v3html/author-view/v3-html-author-view.ftl"("en", UTF-8, parsed) from "jar:file:/C:/Users/10674092/.m2/repository/com/aventstack/extentreports/4.0.9/extentreports-4.0.9.jar!/com/aventstack/extentreports/view/v3html/author-view/v3-html-author-view.ftl"
2022-12-10 19:23:00 DEBUG cache:45 - Couldn't find template in cache for "v3html/dashboard-view/v3-html-dashboard-view.ftl"("en", UTF-8, parsed); will try to load it.
2022-12-10 19:23:00 DEBUG cache:45 - TemplateLoader.findTemplateSource("v3html/dashboard-view/v3-html-dashboard-view_en.ftl"): Not found
2022-12-10 19:23:00 DEBUG cache:45 - TemplateLoader.findTemplateSource("v3html/dashboard-view/v3-html-dashboard-view.ftl"): Found
2022-12-10 19:23:00 DEBUG cache:45 - Loading template for "v3html/dashboard-view/v3-html-dashboard-view.ftl"("en", UTF-8, parsed) from "jar:file:/C:/Users/10674092/.m2/repository/com/aventstack/extentreports/4.0.9/extentreports-4.0.9.jar!/com/aventstack/extentreports/view/v3html/dashboard-view/v3-html-dashboard-view.ftl"
2022-12-10 19:23:00 DEBUG cache:45 - Couldn't find template in cache for "v3html/logs-view/v3-html-testrunner-logs-view.ftl"("en", UTF-8, parsed); will try to load it.
2022-12-10 19:23:00 DEBUG cache:45 - TemplateLoader.findTemplateSource("v3html/logs-view/v3-html-testrunner-logs-view_en.ftl"): Not found
2022-12-10 19:23:00 DEBUG cache:45 - TemplateLoader.findTemplateSource("v3html/logs-view/v3-html-testrunner-logs-view.ftl"): Found
2022-12-10 19:23:00 DEBUG cache:45 - Loading template for "v3html/logs-view/v3-html-testrunner-logs-view.ftl"("en", UTF-8, parsed) from "jar:file:/C:/Users/10674092/.m2/repository/com/aventstack/extentreports/4.0.9/extentreports-4.0.9.jar!/com/aventstack/extentreports/view/v3html/logs-view/v3-html-testrunner-logs-view.ftl"
2022-12-10 20:25:20 INFO  Log:11 - =====================================endToEndTest TEST START=========================================
2022-12-10 20:25:20 INFO  Log:24 - User is on the Home/Landing Page
2022-12-10 20:25:20 INFO  Log:24 -  
2022-12-10 20:25:20 INFO  Log:24 - User is clicking on Find Flight Button
2022-12-10 20:25:21 INFO  Log:24 - User is on the Reserve Page ...
2022-12-10 20:25:21 INFO  Log:24 - User is on the Details Page ...
2022-12-10 20:25:21 INFO  Log:24 - User is going to enter his Details ....
2022-12-10 20:25:23 INFO  Log:24 - User is on The Final Confirmation Page ..
2022-12-10 20:25:23 INFO  Log:16 - =====================================endToEndTest TEST END=========================================
2022-12-10 20:26:40 INFO  Log:11 - =====================================endToEndTest TEST START=========================================
2022-12-10 20:26:40 INFO  Log:24 - User is on the Home/Landing Page
2022-12-10 20:26:40 INFO  Log:24 -  
2022-12-10 20:26:40 INFO  Log:24 - User is clicking on Find Flight Button
2022-12-10 20:26:40 INFO  Log:24 - User is on the Reserve Page ...
2022-12-10 20:26:41 INFO  Log:24 - User is on the Details Page ...
2022-12-10 20:26:41 INFO  Log:24 - User is going to enter his Details ....
2022-12-10 20:26:42 INFO  Log:24 - User is on The Final Confirmation Page ..
2022-12-10 20:26:42 INFO  Log:16 - =====================================endToEndTest TEST END=========================================
2022-12-10 20:26:46 INFO  Log:11 - =====================================endToEndTest2 TEST START=========================================
2022-12-10 20:26:46 INFO  Log:24 - User is on the Home/Landing Page
2022-12-10 20:26:46 INFO  Log:24 -  
2022-12-10 20:26:46 INFO  Log:24 - User is clicking on Find Flight Button
2022-12-10 20:26:46 INFO  Log:24 - User is on the Reserve Page ...
2022-12-10 20:26:47 INFO  Log:24 - User is on the Details Page ...
2022-12-10 20:26:47 INFO  Log:24 - User is going to enter his Details ....
2022-12-10 20:26:48 INFO  Log:24 - User is on The Final Confirmation Page ..
2022-12-10 20:26:48 INFO  Log:16 - =====================================endToEndTest TEST END=========================================
2022-12-10 20:26:52 INFO  Log:11 - =====================================endToEndTest2 TEST START=========================================
2022-12-10 20:26:52 INFO  Log:24 - User is on the Home/Landing Page
2022-12-10 20:26:52 INFO  Log:24 -  
2022-12-10 20:26:52 INFO  Log:24 - User is clicking on Find Flight Button
2022-12-10 20:26:53 INFO  Log:24 - User is on the Reserve Page ...
2022-12-10 20:26:53 INFO  Log:24 - User is on the Details Page ...
2022-12-10 20:26:53 INFO  Log:24 - User is going to enter his Details ....
2022-12-10 20:26:55 INFO  Log:24 - User is on The Final Confirmation Page ..
2022-12-10 20:26:55 INFO  Log:16 - =====================================endToEndTest TEST END=========================================
